[1.194s] Invoking command in '/home/user/ros2_ws/src/automatic_dog_feeder': PYTHONPATH=/home/user/ros2_ws/build/automatic_dog_feeder/prefix_override:/home/user/ros2_ws/install/automatic_dog_feeder/lib/python3.10/site-packages:${PYTHONPATH} _=/usr/bin/env /usr/bin/python3 setup.py egg_info --egg-base ../../build/automatic_dog_feeder build --build-base /home/user/ros2_ws/build/automatic_dog_feeder/build install --record /home/user/ros2_ws/build/automatic_dog_feeder/install.log --single-version-externally-managed
[1.633s] running egg_info
[1.634s] writing ../../build/automatic_dog_feeder/automatic_dog_feeder.egg-info/PKG-INFO
[1.634s] writing dependency_links to ../../build/automatic_dog_feeder/automatic_dog_feeder.egg-info/dependency_links.txt
[1.634s] writing entry points to ../../build/automatic_dog_feeder/automatic_dog_feeder.egg-info/entry_points.txt
[1.635s] writing requirements to ../../build/automatic_dog_feeder/automatic_dog_feeder.egg-info/requires.txt
[1.635s] writing top-level names to ../../build/automatic_dog_feeder/automatic_dog_feeder.egg-info/top_level.txt
[1.638s] reading manifest file '../../build/automatic_dog_feeder/automatic_dog_feeder.egg-info/SOURCES.txt'
[1.638s] adding license file 'LICENSE'
[1.639s] writing manifest file '../../build/automatic_dog_feeder/automatic_dog_feeder.egg-info/SOURCES.txt'
[1.639s] running build
[1.640s] running build_py
[1.640s] copying automatic_dog_feeder/PIRsensor.py -> /home/user/ros2_ws/build/automatic_dog_feeder/build/lib/automatic_dog_feeder
[1.640s] running install
[1.640s] /usr/lib/python3/dist-packages/setuptools/command/install.py:34: SetuptoolsDeprecationWarning: setup.py install is deprecated. Use build and pip and other standards-based tools.
[1.641s]   warnings.warn(
[1.641s] running install_lib
[1.642s] copying /home/user/ros2_ws/build/automatic_dog_feeder/build/lib/automatic_dog_feeder/PIRsensor.py -> /home/user/ros2_ws/install/automatic_dog_feeder/lib/python3.10/site-packages/automatic_dog_feeder
[1.643s] byte-compiling /home/user/ros2_ws/install/automatic_dog_feeder/lib/python3.10/site-packages/automatic_dog_feeder/PIRsensor.py to PIRsensor.cpython-310.pyc
[1.644s] running install_data
[1.645s] copying package.xml -> /home/user/ros2_ws/install/automatic_dog_feeder/share/automatic_dog_feeder
[1.645s] running install_egg_info
[1.647s] removing '/home/user/ros2_ws/install/automatic_dog_feeder/lib/python3.10/site-packages/automatic_dog_feeder-0.0.0-py3.10.egg-info' (and everything under it)
[1.647s] Copying ../../build/automatic_dog_feeder/automatic_dog_feeder.egg-info to /home/user/ros2_ws/install/automatic_dog_feeder/lib/python3.10/site-packages/automatic_dog_feeder-0.0.0-py3.10.egg-info
[1.649s] running install_scripts
[1.677s] Installing PIRsensor script to /home/user/ros2_ws/install/automatic_dog_feeder/lib/automatic_dog_feeder
[1.678s] Installing video_recording_node script to /home/user/ros2_ws/install/automatic_dog_feeder/lib/automatic_dog_feeder
[1.678s] writing list of installed files to '/home/user/ros2_ws/build/automatic_dog_feeder/install.log'
[1.716s] Invoked command in '/home/user/ros2_ws/src/automatic_dog_feeder' returned '0': PYTHONPATH=/home/user/ros2_ws/build/automatic_dog_feeder/prefix_override:/home/user/ros2_ws/install/automatic_dog_feeder/lib/python3.10/site-packages:${PYTHONPATH} _=/usr/bin/env /usr/bin/python3 setup.py egg_info --egg-base ../../build/automatic_dog_feeder build --build-base /home/user/ros2_ws/build/automatic_dog_feeder/build install --record /home/user/ros2_ws/build/automatic_dog_feeder/install.log --single-version-externally-managed
