[2.945s] Invoking command in '/home/user/ros2_ws/src/automatic_dog_feeder': PYTHONPATH=/home/user/ros2_ws/build/automatic_dog_feeder/prefix_override:/home/user/ros2_ws/install/automatic_dog_feeder/lib/python3.10/site-packages:${PYTHONPATH} _=/usr/bin/env /usr/bin/python3 setup.py egg_info --egg-base ../../build/automatic_dog_feeder build --build-base /home/user/ros2_ws/build/automatic_dog_feeder/build install --record /home/user/ros2_ws/build/automatic_dog_feeder/install.log --single-version-externally-managed
[3.426s] running egg_info
[3.427s] creating ../../build/automatic_dog_feeder/automatic_dog_feeder.egg-info
[3.427s] writing ../../build/automatic_dog_feeder/automatic_dog_feeder.egg-info/PKG-INFO
[3.428s] writing dependency_links to ../../build/automatic_dog_feeder/automatic_dog_feeder.egg-info/dependency_links.txt
[3.428s] writing entry points to ../../build/automatic_dog_feeder/automatic_dog_feeder.egg-info/entry_points.txt
[3.428s] writing requirements to ../../build/automatic_dog_feeder/automatic_dog_feeder.egg-info/requires.txt
[3.428s] writing top-level names to ../../build/automatic_dog_feeder/automatic_dog_feeder.egg-info/top_level.txt
[3.429s] writing manifest file '../../build/automatic_dog_feeder/automatic_dog_feeder.egg-info/SOURCES.txt'
[3.431s] reading manifest file '../../build/automatic_dog_feeder/automatic_dog_feeder.egg-info/SOURCES.txt'
[3.432s] adding license file 'LICENSE'
[3.433s] writing manifest file '../../build/automatic_dog_feeder/automatic_dog_feeder.egg-info/SOURCES.txt'
[3.433s] running build
[3.433s] running build_py
[3.433s] creating /home/user/ros2_ws/build/automatic_dog_feeder/build
[3.434s] creating /home/user/ros2_ws/build/automatic_dog_feeder/build/lib
[3.434s] creating /home/user/ros2_ws/build/automatic_dog_feeder/build/lib/automatic_dog_feeder
[3.434s] copying automatic_dog_feeder/__init__.py -> /home/user/ros2_ws/build/automatic_dog_feeder/build/lib/automatic_dog_feeder
[3.434s] running install
[3.436s] /usr/lib/python3/dist-packages/setuptools/command/install.py:34: SetuptoolsDeprecationWarning: setup.py install is deprecated. Use build and pip and other standards-based tools.
[3.436s]   warnings.warn(
[3.436s] running install_lib
[3.438s] creating /home/user/ros2_ws/install/automatic_dog_feeder/lib/python3.10/site-packages/automatic_dog_feeder
[3.438s] copying /home/user/ros2_ws/build/automatic_dog_feeder/build/lib/automatic_dog_feeder/__init__.py -> /home/user/ros2_ws/install/automatic_dog_feeder/lib/python3.10/site-packages/automatic_dog_feeder
[3.439s] byte-compiling /home/user/ros2_ws/install/automatic_dog_feeder/lib/python3.10/site-packages/automatic_dog_feeder/__init__.py to __init__.cpython-310.pyc
[3.439s] running install_data
[3.441s] creating /home/user/ros2_ws/install/automatic_dog_feeder/share/ament_index
[3.441s] creating /home/user/ros2_ws/install/automatic_dog_feeder/share/ament_index/resource_index
[3.441s] creating /home/user/ros2_ws/install/automatic_dog_feeder/share/ament_index/resource_index/packages
[3.441s] copying resource/automatic_dog_feeder -> /home/user/ros2_ws/install/automatic_dog_feeder/share/ament_index/resource_index/packages
[3.441s] copying package.xml -> /home/user/ros2_ws/install/automatic_dog_feeder/share/automatic_dog_feeder
[3.441s] running install_egg_info
[3.443s] Copying ../../build/automatic_dog_feeder/automatic_dog_feeder.egg-info to /home/user/ros2_ws/install/automatic_dog_feeder/lib/python3.10/site-packages/automatic_dog_feeder-0.0.0-py3.10.egg-info
[3.445s] running install_scripts
[3.480s] writing list of installed files to '/home/user/ros2_ws/build/automatic_dog_feeder/install.log'
[3.516s] Invoked command in '/home/user/ros2_ws/src/automatic_dog_feeder' returned '0': PYTHONPATH=/home/user/ros2_ws/build/automatic_dog_feeder/prefix_override:/home/user/ros2_ws/install/automatic_dog_feeder/lib/python3.10/site-packages:${PYTHONPATH} _=/usr/bin/env /usr/bin/python3 setup.py egg_info --egg-base ../../build/automatic_dog_feeder build --build-base /home/user/ros2_ws/build/automatic_dog_feeder/build install --record /home/user/ros2_ws/build/automatic_dog_feeder/install.log --single-version-externally-managed
